<?xml version="1.0" encoding="UTF-8"?>
<!-- Generated by org.testng.reporters.JUnitReportReporter -->
<testsuite name="org.testing.Scripts.PutRequestTC4" tests="1" time="0.115" ignored="0" failures="0" timestamp="12 Aug 2020 14:36:54 GMT" skipped="0" hostname="Rajesh" errors="0">
  <testcase name="putrequestusingidTC4" time="0.115" classname="org.testing.Scripts.PutRequestTC4"/>
</testsuite> <!-- org.testing.Scripts.PutRequestTC4 -->
