<?xml version="1.0" encoding="UTF-8"?>
<!-- Generated by org.testng.reporters.JUnitReportReporter -->
<testsuite name="org.testing.Scripts.idsTC3" tests="1" time="0.102" ignored="0" failures="0" timestamp="12 Aug 2020 14:36:54 GMT" skipped="0" hostname="Rajesh" errors="0">
  <testcase name="TC3" time="0.102" classname="org.testing.Scripts.idsTC3"/>
</testsuite> <!-- org.testing.Scripts.idsTC3 -->
