<?xml version="1.0" encoding="UTF-8"?>
<!-- Generated by org.testng.reporters.JUnitReportReporter -->
<testsuite name="org.testing.Scripts.PostRequest" tests="1" time="3.220" ignored="0" failures="0" timestamp="12 Aug 2020 14:36:54 GMT" skipped="0" hostname="Rajesh" errors="0">
  <testcase name="TC1" time="3.220" classname="org.testing.Scripts.PostRequest"/>
</testsuite> <!-- org.testing.Scripts.PostRequest -->
